<?xml version="1.0" encoding="UTF-8"?>
<testng-results skipped="0" failed="0" total="2" passed="2">
  <reporter-output>
  </reporter-output>
  <suite name="Command line suite" duration-ms="8350" started-at="2022-06-23T13:04:27Z" finished-at="2022-06-23T13:04:36Z">
    <groups>
    </groups>
    <test name="Command line test" duration-ms="8350" started-at="2022-06-23T13:04:27Z" finished-at="2022-06-23T13:04:36Z">
      <class name="com.Jenkins.Integration.SecondTestCase">
        <test-method status="PASS" signature="secondTestCase()[pri:0, instance:com.Jenkins.Integration.SecondTestCase@4411d970]" name="secondTestCase" duration-ms="1" started-at="2022-06-23T18:34:36Z" finished-at="2022-06-23T18:34:36Z">
          <reporter-output>
          </reporter-output>
        </test-method> <!-- secondTestCase -->
      </class> <!-- com.Jenkins.Integration.SecondTestCase -->
      <class name="com.Jenkins.Integration.FirstTestCase">
        <test-method status="PASS" signature="fisttestCase()[pri:0, instance:com.Jenkins.Integration.FirstTestCase@96532d6]" name="fisttestCase" duration-ms="8332" started-at="2022-06-23T18:34:27Z" finished-at="2022-06-23T18:34:36Z">
          <reporter-output>
          </reporter-output>
        </test-method> <!-- fisttestCase -->
      </class> <!-- com.Jenkins.Integration.FirstTestCase -->
    </test> <!-- Command line test -->
  </suite> <!-- Command line suite -->
</testng-results>
