<?xml version="1.0" encoding="UTF-8"?>
<testng-results ignored="0" total="1" passed="1" failed="0" skipped="0">
  <reporter-output>
    <line>
      <![CDATA[Browser launched successfully ]]>
    </line>
    <line>
      <![CDATA[Application loaded ]]>
    </line>
  </reporter-output>
  <suite started-at="2022-07-27T16:03:21 IST" name="Default suite" finished-at="2022-07-27T16:03:31 IST" duration-ms="9542">
    <groups>
    </groups>
    <test started-at="2022-07-27T16:03:21 IST" name="Default test" finished-at="2022-07-27T16:03:31 IST" duration-ms="9542">
      <class name="com.Jenkins.Integration.ThirdTestCase">
        <test-method is-config="true" signature="setUp(org.testng.ITestContext)[pri:0, instance:com.Jenkins.Integration.ThirdTestCase@6f46426d]" started-at="2022-07-27T16:03:21 IST" name="setUp" finished-at="2022-07-27T16:03:21 IST" duration-ms="10" status="PASS">
          <params>
            <param index="0">
              <value>
                <![CDATA[org.testng.TestRunner@6a969fb8]]>
              </value>
            </param>
          </params>
          <reporter-output>
          </reporter-output>
        </test-method> <!-- setUp -->
        <test-method is-config="true" signature="name()[pri:0, instance:com.Jenkins.Integration.ThirdTestCase@6f46426d]" started-at="2022-07-27T16:03:22 IST" name="name" finished-at="2022-07-27T16:03:31 IST" duration-ms="9494" status="PASS">
          <reporter-output>
            <line>
              <![CDATA[Browser launched successfully ]]>
            </line>
            <line>
              <![CDATA[Application loaded ]]>
            </line>
          </reporter-output>
        </test-method> <!-- name -->
        <test-method signature="thirdTestCase()[pri:0, instance:com.Jenkins.Integration.ThirdTestCase@6f46426d]" started-at="2022-07-27T16:03:31 IST" name="thirdTestCase" finished-at="2022-07-27T16:03:31 IST" duration-ms="6" status="PASS">
          <reporter-output>
          </reporter-output>
        </test-method> <!-- thirdTestCase -->
        <test-method is-config="true" signature="TearDown_AM(org.testng.ITestResult)[pri:0, instance:com.Jenkins.Integration.ThirdTestCase@6f46426d]" started-at="2022-07-27T16:03:31 IST" name="TearDown_AM" finished-at="2022-07-27T16:03:31 IST" duration-ms="0" status="PASS">
          <params>
            <param index="0">
              <value>
                <![CDATA[[TestResult name=thirdTestCase status=SUCCESS method=ThirdTestCase.thirdTestCase()[pri:0, instance:com.Jenkins.Integration.ThirdTestCase@6f46426d] output={null}]]]>
              </value>
            </param>
          </params>
          <reporter-output>
          </reporter-output>
        </test-method> <!-- TearDown_AM -->
        <test-method is-config="true" signature="tearDown()[pri:0, instance:com.Jenkins.Integration.ThirdTestCase@6f46426d]" started-at="2022-07-27T16:03:31 IST" name="tearDown" finished-at="2022-07-27T16:03:31 IST" duration-ms="0" status="PASS">
          <reporter-output>
          </reporter-output>
        </test-method> <!-- tearDown -->
        <test-method is-config="true" signature="tearDownSuite()[pri:0, instance:com.Jenkins.Integration.ThirdTestCase@6f46426d]" started-at="2022-07-27T16:03:31 IST" name="tearDownSuite" finished-at="2022-07-27T16:03:31 IST" duration-ms="0" status="PASS">
          <reporter-output>
          </reporter-output>
        </test-method> <!-- tearDownSuite -->
      </class> <!-- com.Jenkins.Integration.ThirdTestCase -->
    </test> <!-- Default test -->
  </suite> <!-- Default suite -->
</testng-results>
